error: this opening tag has no corresponding closing tag
  --> $DIR/html-component-fail.rs:78:13
   |
78 |     html! { <Child> };
   |             ^^^^^^^

error: unexpected end of input, expected identifier
  --> $DIR/html-component-fail.rs:79:13
   |
79 |     html! { <Child:: /> };
   |             ^^^^^^^^^^^

error: expected expression following this `with`
  --> $DIR/html-component-fail.rs:80:20
   |
80 |     html! { <Child with /> };
   |                    ^^^^

error: `props` doesn't have a value. (hint: set the value to `true` or `false` for boolean attributes)
  --> $DIR/html-component-fail.rs:81:20
   |
81 |     html! { <Child props /> };
   |                    ^^^^^

error: this opening tag has no corresponding closing tag
  --> $DIR/html-component-fail.rs:82:13
   |
82 |     html! { <Child with props > };
   |             ^^^^^^^^^^^^^^^^^^^

error: `ref` can only be set once
  --> $DIR/html-component-fail.rs:83:38
   |
83 |     html! { <Child with props ref=() ref=() /> };
   |                                      ^^^

error: `ref` can only be set once
  --> $DIR/html-component-fail.rs:84:38
   |
84 |     html! { <Child with props ref=() ref=() value=1 /> };
   |                                      ^^^

error: Using the `with props` syntax in combination with named props is not allowed (note: this does not apply to special props like `ref` and `key`)
  --> $DIR/html-component-fail.rs:85:38
   |
85 |     html! { <Child with props ref=() value=1 ref=() /> };
   |                                      ^^^^^

error: Using the `with props` syntax in combination with named props is not allowed (note: this does not apply to special props like `ref` and `key`)
  --> $DIR/html-component-fail.rs:86:31
   |
86 |     html! { <Child with props value=1 ref=()  ref=() /> };
   |                               ^^^^^

error: Using the `with props` syntax in combination with named props is not allowed (note: this does not apply to special props like `ref` and `key`)
  --> $DIR/html-component-fail.rs:87:20
   |
87 |     html! { <Child value=1 with props  ref=()  ref=() /> };
   |                    ^^^^^

error: Using the `with props` syntax in combination with named props is not allowed (note: this does not apply to special props like `ref` and `key`)
  --> $DIR/html-component-fail.rs:88:20
   |
88 |     html! { <Child value=1 ref=() with props ref=() /> };
   |                    ^^^^^

error: `ref` can only be set once
  --> $DIR/html-component-fail.rs:89:27
   |
89 |     html! { <Child ref=() ref=() value=1  with props  /> };
   |                           ^^^

error: Using the `with props` syntax in combination with named props is not allowed (note: this does not apply to special props like `ref` and `key`)
  --> $DIR/html-component-fail.rs:91:20
   |
91 |     html! { <Child value=1 with props /> };
   |                    ^^^^^

error: Using the `with props` syntax in combination with named props is not allowed (note: this does not apply to special props like `ref` and `key`)
  --> $DIR/html-component-fail.rs:92:31
   |
92 |     html! { <Child with props value=1 /> };
   |                               ^^^^^

error: expected identifier, found keyword `type`
  --> $DIR/html-component-fail.rs:93:20
   |
93 |     html! { <Child type=0 /> };
   |                    ^^^^ expected identifier, found keyword
   |
help: you can escape reserved keywords to use them as identifiers
   |
93 |     html! { <Child r#type=0 /> };
   |                    ^^^^^^

error: expected a valid Rust identifier
  --> $DIR/html-component-fail.rs:94:20
   |
94 |     html! { <Child invalid-prop-name=0 /> };
   |                    ^^^^^^^^^^^^^^^^^

error: expected an expression following this equals sign
  --> $DIR/html-component-fail.rs:96:26
   |
96 |     html! { <Child string= /> };
   |                          ^

error: `int` can only be specified once but is given here again
  --> $DIR/html-component-fail.rs:97:26
   |
97 |     html! { <Child int=1 int=2 int=3 /> };
   |                          ^^^

error: `int` can only be specified once but is given here again
  --> $DIR/html-component-fail.rs:97:32
   |
97 |     html! { <Child int=1 int=2 int=3 /> };
   |                                ^^^

error: `ref` can only be specified once
   --> $DIR/html-component-fail.rs:102:26
    |
102 |     html! { <Child int=1 ref=() ref=() /> };
    |                          ^^^

error: this closing tag has no corresponding opening tag
   --> $DIR/html-component-fail.rs:105:13
    |
105 |     html! { </Child> };
    |             ^^^^^^^^

error: this opening tag has no corresponding closing tag
   --> $DIR/html-component-fail.rs:106:13
    |
106 |     html! { <Child><Child></Child> };
    |             ^^^^^^^

error: only one root html element is allowed (hint: you can wrap multiple html elements in a fragment `<></>`)
   --> $DIR/html-component-fail.rs:107:28
    |
107 |     html! { <Child></Child><Child></Child> };
    |                            ^^^^^^^^^^^^^^^

error: cannot specify the `children` prop when the component already has children
   --> $DIR/html-component-fail.rs:126:25
    |
126 |         <ChildContainer children=children>
    |                         ^^^^^^^^

error: this closing tag has no corresponding opening tag
   --> $DIR/html-component-fail.rs:131:30
    |
131 |     html! { <Generic<String>></Generic> };
    |                              ^^^^^^^^^^

error: this closing tag has no corresponding opening tag
   --> $DIR/html-component-fail.rs:132:30
    |
132 |     html! { <Generic<String>></Generic<Vec<String>>> };
    |                              ^^^^^^^^^^^^^^^^^^^^^^^

error: only one root html element is allowed (hint: you can wrap multiple html elements in a fragment `<></>`)
   --> $DIR/html-component-fail.rs:136:9
    |
136 |         <span>{ 2 }</span>
    |         ^^^^^^^^^^^^^^^^^^

error[E0425]: cannot find value `blah` in this scope
  --> $DIR/html-component-fail.rs:90:25
   |
90 |     html! { <Child with blah /> };
   |                         ^^^^ not found in this scope

error[E0609]: no field `r#type` on type `ChildProperties`
  --> $DIR/html-component-fail.rs:93:20
   |
93 |     html! { <Child type=0 /> };
   |                    ^^^^ unknown field
   |
   = note: available fields are: `string`, `int`

error[E0599]: no method named `r#type` found for struct `ChildPropertiesBuilder<ChildPropertiesBuilderStep_missing_required_prop_int>` in the current scope
  --> $DIR/html-component-fail.rs:93:20
   |
5  | #[derive(Clone, Properties, PartialEq)]
   |                 ---------- method `r#type` not found for this
...
93 |     html! { <Child type=0 /> };
   |                    ^^^^ method not found in `ChildPropertiesBuilder<ChildPropertiesBuilderStep_missing_required_prop_int>`

error[E0609]: no field `unknown` on type `ChildProperties`
  --> $DIR/html-component-fail.rs:95:20
   |
95 |     html! { <Child unknown="unknown" /> };
   |                    ^^^^^^^ unknown field
   |
   = note: available fields are: `string`, `int`

error[E0599]: no method named `unknown` found for struct `ChildPropertiesBuilder<ChildPropertiesBuilderStep_missing_required_prop_int>` in the current scope
  --> $DIR/html-component-fail.rs:95:20
   |
5  | #[derive(Clone, Properties, PartialEq)]
   |                 ---------- method `unknown` not found for this
...
95 |     html! { <Child unknown="unknown" /> };
   |                    ^^^^^^^ method not found in `ChildPropertiesBuilder<ChildPropertiesBuilderStep_missing_required_prop_int>`

error[E0277]: the trait bound `(): IntoPropValue<String>` is not satisfied
  --> $DIR/html-component-fail.rs:98:33
   |
98 |     html! { <Child int=1 string={} /> };
   |                                 ^^ the trait `IntoPropValue<String>` is not implemented for `()`

error[E0277]: the trait bound `{integer}: IntoPropValue<String>` is not satisfied
  --> $DIR/html-component-fail.rs:99:33
   |
99 |     html! { <Child int=1 string=3 /> };
   |                                 ^ the trait `IntoPropValue<String>` is not implemented for `{integer}`
   |
   = help: the following implementations were found:
             <&'static str as IntoPropValue<Cow<'static, str>>>
             <&'static str as IntoPropValue<String>>
             <&T as IntoPropValue<Option<T>>>
             <&T as IntoPropValue<T>>
           and 4 others

error[E0277]: the trait bound `{integer}: IntoPropValue<String>` is not satisfied
   --> $DIR/html-component-fail.rs:100:26
    |
100 |     html! { <Child int=1 string={3} /> };
    |                          ^^^^^^ the trait `IntoPropValue<String>` is not implemented for `{integer}`
    |
    = help: the following implementations were found:
              <&'static str as IntoPropValue<Cow<'static, str>>>
              <&'static str as IntoPropValue<String>>
              <&T as IntoPropValue<Option<T>>>
              <&T as IntoPropValue<T>>
            and 4 others

error[E0308]: mismatched types
   --> $DIR/html-component-fail.rs:101:30
    |
101 |     html! { <Child int=1 ref=() /> };
    |                              ^^ expected struct `NodeRef`, found `()`

error[E0277]: the trait bound `u32: IntoPropValue<i32>` is not satisfied
   --> $DIR/html-component-fail.rs:103:24
    |
103 |     html! { <Child int=0u32 /> };
    |                        ^^^^ the trait `IntoPropValue<i32>` is not implemented for `u32`

error[E0599]: no method named `string` found for struct `ChildPropertiesBuilder<ChildPropertiesBuilderStep_missing_required_prop_int>` in the current scope
   --> $DIR/html-component-fail.rs:104:20
    |
5   | #[derive(Clone, Properties, PartialEq)]
    |                 ---------- method `string` not found for this
...
104 |     html! { <Child string="abc" /> };
    |                    ^^^^^^ method not found in `ChildPropertiesBuilder<ChildPropertiesBuilderStep_missing_required_prop_int>`

error[E0609]: no field `children` on type `ChildProperties`
   --> $DIR/html-component-fail.rs:108:14
    |
108 |     html! { <Child>{ "Not allowed" }</Child> };
    |              ^^^^^ unknown field
    |
    = note: available fields are: `string`, `int`

error[E0599]: no method named `children` found for struct `ChildPropertiesBuilder<ChildPropertiesBuilderStep_missing_required_prop_int>` in the current scope
   --> $DIR/html-component-fail.rs:108:14
    |
5   | #[derive(Clone, Properties, PartialEq)]
    |                 ---------- method `children` not found for this
...
108 |     html! { <Child>{ "Not allowed" }</Child> };
    |              ^^^^^ method not found in `ChildPropertiesBuilder<ChildPropertiesBuilderStep_missing_required_prop_int>`

error[E0609]: no field `children` on type `ChildProperties`
   --> $DIR/html-component-fail.rs:112:10
    |
112 |         <Child with ChildProperties { string: "hello".to_owned(), int: 5 }>
    |          ^^^^^ unknown field
    |
    = note: available fields are: `string`, `int`

error[E0599]: no method named `build` found for struct `ChildContainerPropertiesBuilder<ChildContainerPropertiesBuilderStep_missing_required_prop_children>` in the current scope
   --> $DIR/html-component-fail.rs:117:14
    |
31  | #[derive(Clone, Properties)]
    |                 ---------- method `build` not found for this
...
117 |     html! { <ChildContainer /> };
    |              ^^^^^^^^^^^^^^ method not found in `ChildContainerPropertiesBuilder<ChildContainerPropertiesBuilderStep_missing_required_prop_children>`

error[E0599]: no method named `build` found for struct `ChildContainerPropertiesBuilder<ChildContainerPropertiesBuilderStep_missing_required_prop_children>` in the current scope
   --> $DIR/html-component-fail.rs:118:14
    |
31  | #[derive(Clone, Properties)]
    |                 ---------- method `build` not found for this
...
118 |     html! { <ChildContainer></ChildContainer> };
    |              ^^^^^^^^^^^^^^ method not found in `ChildContainerPropertiesBuilder<ChildContainerPropertiesBuilderStep_missing_required_prop_children>`

error[E0277]: the trait bound `VChild<Child>: From<yew::virtual_dom::VText>` is not satisfied
   --> $DIR/html-component-fail.rs:119:31
    |
119 |     html! { <ChildContainer>{ "Not allowed" }</ChildContainer> };
    |                               ^^^^^^^^^^^^^ the trait `From<yew::virtual_dom::VText>` is not implemented for `VChild<Child>`
    |
    = note: required because of the requirements on the impl of `Into<VChild<Child>>` for `yew::virtual_dom::VText`
    = note: required by `into`

error[E0277]: the trait bound `VChild<Child>: From<VNode>` is not satisfied
   --> $DIR/html-component-fail.rs:120:29
    |
120 |     html! { <ChildContainer><></></ChildContainer> };
    |                             ^ the trait `From<VNode>` is not implemented for `VChild<Child>`
    |
    = note: required because of the requirements on the impl of `Into<VChild<Child>>` for `VNode`
    = note: required by `into`

error[E0277]: the trait bound `VChild<Child>: From<VNode>` is not satisfied
   --> $DIR/html-component-fail.rs:121:30
    |
121 |     html! { <ChildContainer><other /></ChildContainer> };
    |                              ^^^^^ the trait `From<VNode>` is not implemented for `VChild<Child>`
    |
    = note: required because of the requirements on the impl of `Into<VChild<Child>>` for `VNode`
    = note: required by `into`
