error: this open tag has no corresponding close tag
  --> $DIR/html-component-fail.rs:79:13
   |
79 |     html! { <Child> };
   |             ^^^^^^^
   |
   = note: this error originates in a macro (in Nightly builds, run with -Z macro-backtrace for more info)

error: expected identifier
  --> $DIR/html-component-fail.rs:80:22
   |
80 |     html! { <Child:: /> };
   |                      ^
   |
   = note: this error originates in a macro (in Nightly builds, run with -Z macro-backtrace for more info)

error: unexpected end of input, expected identifier
  --> $DIR/html-component-fail.rs:81:5
   |
81 |     html! { <Child with /> };
   |     ^^^^^^^^^^^^^^^^^^^^^^^^^
   |
   = note: this error originates in a macro (in Nightly builds, run with -Z macro-backtrace for more info)

error: unexpected token
  --> $DIR/html-component-fail.rs:82:20
   |
82 |     html! { <Child props /> };
   |                    ^^^^^
   |
   = note: this error originates in a macro (in Nightly builds, run with -Z macro-backtrace for more info)

error: this open tag has no corresponding close tag
  --> $DIR/html-component-fail.rs:83:13
   |
83 |     html! { <Child with props > };
   |             ^^^^^^^^^^^^^^^^^^^
   |
   = note: this error originates in a macro (in Nightly builds, run with -Z macro-backtrace for more info)

error: too many refs set
  --> $DIR/html-component-fail.rs:84:38
   |
84 |     html! { <Child with props ref=() ref=() /> };
   |                                      ^^^
   |
   = note: this error originates in a macro (in Nightly builds, run with -Z macro-backtrace for more info)

error: too many refs set
  --> $DIR/html-component-fail.rs:85:38
   |
85 |     html! { <Child with props ref=() ref=() value=1 /> };
   |                                      ^^^
   |
   = note: this error originates in a macro (in Nightly builds, run with -Z macro-backtrace for more info)

error: Using special syntax `with props` along with named prop is not allowed. This rule does not apply to special `ref` prop
  --> $DIR/html-component-fail.rs:86:38
   |
86 |     html! { <Child with props ref=() value=1 ref=() /> };
   |                                      ^^^^^
   |
   = note: this error originates in a macro (in Nightly builds, run with -Z macro-backtrace for more info)

error: Using special syntax `with props` along with named prop is not allowed. This rule does not apply to special `ref` prop
  --> $DIR/html-component-fail.rs:87:31
   |
87 |     html! { <Child with props value=1 ref=()  ref=() /> };
   |                               ^^^^^
   |
   = note: this error originates in a macro (in Nightly builds, run with -Z macro-backtrace for more info)

error: Using special syntax `with props` along with named prop is not allowed. This rule does not apply to special `ref` prop
  --> $DIR/html-component-fail.rs:88:28
   |
88 |     html! { <Child value=1 with props  ref=()  ref=() /> };
   |                            ^^^^
   |
   = note: this error originates in a macro (in Nightly builds, run with -Z macro-backtrace for more info)

error: Using special syntax `with props` along with named prop is not allowed. This rule does not apply to special `ref` prop
  --> $DIR/html-component-fail.rs:89:35
   |
89 |     html! { <Child value=1 ref=() with props ref=() /> };
   |                                   ^^^^
   |
   = note: this error originates in a macro (in Nightly builds, run with -Z macro-backtrace for more info)

error: too many refs set
  --> $DIR/html-component-fail.rs:90:27
   |
90 |     html! { <Child ref=() ref=() value=1  with props  /> };
   |                           ^^^
   |
   = note: this error originates in a macro (in Nightly builds, run with -Z macro-backtrace for more info)

error: unexpected token
  --> $DIR/html-component-fail.rs:92:31
   |
92 |     html! { <Child with props () /> };
   |                               ^^
   |
   = note: this error originates in a macro (in Nightly builds, run with -Z macro-backtrace for more info)

error: Using special syntax `with props` along with named prop is not allowed. This rule does not apply to special `ref` prop
  --> $DIR/html-component-fail.rs:93:28
   |
93 |     html! { <Child value=1 with props /> };
   |                            ^^^^
   |
   = note: this error originates in a macro (in Nightly builds, run with -Z macro-backtrace for more info)

error: Using special syntax `with props` along with named prop is not allowed. This rule does not apply to special `ref` prop
  --> $DIR/html-component-fail.rs:94:31
   |
94 |     html! { <Child with props value=1 /> };
   |                               ^^^^^
   |
   = note: this error originates in a macro (in Nightly builds, run with -Z macro-backtrace for more info)

error: expected identifier
  --> $DIR/html-component-fail.rs:95:20
   |
95 |     html! { <Child type=0 /> };
   |                    ^^^^
   |
   = note: this error originates in a macro (in Nightly builds, run with -Z macro-backtrace for more info)

error: expected identifier
  --> $DIR/html-component-fail.rs:96:20
   |
96 |     html! { <Child invalid-prop-name=0 /> };
   |                    ^^^^^^^^^^^^^^^^^
   |
   = note: this error originates in a macro (in Nightly builds, run with -Z macro-backtrace for more info)

error: unexpected end of input, expected expression
  --> $DIR/html-component-fail.rs:98:5
   |
98 |     html! { <Child string= /> };
   |     ^^^^^^^^^^^^^^^^^^^^^^^^^^^^
   |
   = note: this error originates in a macro (in Nightly builds, run with -Z macro-backtrace for more info)

error: too many refs set
   --> $DIR/html-component-fail.rs:103:33
    |
103 |     html! { <Child int=1 ref=() ref=() /> };
    |                                 ^^^
    |
    = note: this error originates in a macro (in Nightly builds, run with -Z macro-backtrace for more info)

error: this close tag has no corresponding open tag
   --> $DIR/html-component-fail.rs:106:13
    |
106 |     html! { </Child> };
    |             ^^^^^^^^
    |
    = note: this error originates in a macro (in Nightly builds, run with -Z macro-backtrace for more info)

error: this open tag has no corresponding close tag
   --> $DIR/html-component-fail.rs:107:13
    |
107 |     html! { <Child><Child></Child> };
    |             ^^^^^^^
    |
    = note: this error originates in a macro (in Nightly builds, run with -Z macro-backtrace for more info)

error: only one root html element allowed
   --> $DIR/html-component-fail.rs:108:28
    |
108 |     html! { <Child></Child><Child></Child> };
    |                            ^^^^^^^^^^^^^^^
    |
    = note: this error originates in a macro (in Nightly builds, run with -Z macro-backtrace for more info)

error: this close tag has no corresponding open tag
   --> $DIR/html-component-fail.rs:117:30
    |
117 |     html! { <Generic<String>></Generic> };
    |                              ^^^^^^^^^^
    |
    = note: this error originates in a macro (in Nightly builds, run with -Z macro-backtrace for more info)

error: this close tag has no corresponding open tag
   --> $DIR/html-component-fail.rs:118:30
    |
118 |     html! { <Generic<String>></Generic<Vec<String>>> };
    |                              ^^^^^^^^^^^^^^^^^^^^^^^
    |
    = note: this error originates in a macro (in Nightly builds, run with -Z macro-backtrace for more info)

error[E0425]: cannot find value `blah` in this scope
  --> $DIR/html-component-fail.rs:91:25
   |
91 |     html! { <Child with blah /> };
   |                         ^^^^ not found in this scope
   |
   = note: this error originates in a macro (in Nightly builds, run with -Z macro-backtrace for more info)

error[E0609]: no field `unknown` on type `ChildProperties`
  --> $DIR/html-component-fail.rs:97:20
   |
97 |     html! { <Child unknown="unknown" /> };
   |                    ^^^^^^^ unknown field
   |
   = note: available fields are: `string`, `int`
   = note: this error originates in a macro (in Nightly builds, run with -Z macro-backtrace for more info)

error[E0599]: no method named `unknown` found for struct `ChildPropertiesBuilder<ChildPropertiesBuilderStep_missing_required_prop_int>` in the current scope
  --> $DIR/html-component-fail.rs:97:20
   |
6  | #[derive(Clone, Properties, PartialEq)]
   |                 ---------- method `unknown` not found for this
...
97 |     html! { <Child unknown="unknown" /> };
   |                    ^^^^^^^ method not found in `ChildPropertiesBuilder<ChildPropertiesBuilderStep_missing_required_prop_int>`
   |
   = note: this error originates in a macro (in Nightly builds, run with -Z macro-backtrace for more info)

error[E0277]: the trait bound `yew::virtual_dom::vcomp::VComp: yew::virtual_dom::Transformer<(), std::string::String>` is not satisfied
  --> $DIR/html-component-fail.rs:99:33
   |
99 |     html! { <Child int=1 string={} /> };
   |                                 ^^ the trait `yew::virtual_dom::Transformer<(), std::string::String>` is not implemented for `yew::virtual_dom::vcomp::VComp`
   |
   = help: the following implementations were found:
             <yew::virtual_dom::vcomp::VComp as yew::virtual_dom::Transformer<&'a T, T>>
             <yew::virtual_dom::vcomp::VComp as yew::virtual_dom::Transformer<&'a T, std::option::Option<T>>>
             <yew::virtual_dom::vcomp::VComp as yew::virtual_dom::Transformer<&'a str, std::option::Option<std::string::String>>>
             <yew::virtual_dom::vcomp::VComp as yew::virtual_dom::Transformer<&'a str, std::string::String>>
           and 3 others
   = note: required by `yew::virtual_dom::Transformer::transform`
   = note: this error originates in a macro (in Nightly builds, run with -Z macro-backtrace for more info)

error[E0277]: the trait bound `yew::virtual_dom::vcomp::VComp: yew::virtual_dom::Transformer<{integer}, std::string::String>` is not satisfied
   --> $DIR/html-component-fail.rs:100:33
    |
100 |     html! { <Child int=1 string=3 /> };
    |                                 ^ the trait `yew::virtual_dom::Transformer<{integer}, std::string::String>` is not implemented for `yew::virtual_dom::vcomp::VComp`
    |
    = help: the following implementations were found:
              <yew::virtual_dom::vcomp::VComp as yew::virtual_dom::Transformer<&'a T, T>>
              <yew::virtual_dom::vcomp::VComp as yew::virtual_dom::Transformer<&'a T, std::option::Option<T>>>
              <yew::virtual_dom::vcomp::VComp as yew::virtual_dom::Transformer<&'a str, std::option::Option<std::string::String>>>
              <yew::virtual_dom::vcomp::VComp as yew::virtual_dom::Transformer<&'a str, std::string::String>>
            and 3 others
    = note: required by `yew::virtual_dom::Transformer::transform`
    = note: this error originates in a macro (in Nightly builds, run with -Z macro-backtrace for more info)

error[E0277]: the trait bound `yew::virtual_dom::vcomp::VComp: yew::virtual_dom::Transformer<{integer}, std::string::String>` is not satisfied
   --> $DIR/html-component-fail.rs:101:33
    |
101 |     html! { <Child int=1 string={3} /> };
    |                                 ^^^ the trait `yew::virtual_dom::Transformer<{integer}, std::string::String>` is not implemented for `yew::virtual_dom::vcomp::VComp`
    |
    = help: the following implementations were found:
              <yew::virtual_dom::vcomp::VComp as yew::virtual_dom::Transformer<&'a T, T>>
              <yew::virtual_dom::vcomp::VComp as yew::virtual_dom::Transformer<&'a T, std::option::Option<T>>>
              <yew::virtual_dom::vcomp::VComp as yew::virtual_dom::Transformer<&'a str, std::option::Option<std::string::String>>>
              <yew::virtual_dom::vcomp::VComp as yew::virtual_dom::Transformer<&'a str, std::string::String>>
            and 3 others
    = note: required by `yew::virtual_dom::Transformer::transform`
    = note: this error originates in a macro (in Nightly builds, run with -Z macro-backtrace for more info)

error[E0308]: mismatched types
   --> $DIR/html-component-fail.rs:102:30
    |
102 |     html! { <Child int=1 ref=() /> };
    |                              ^^ expected struct `yew::html::NodeRef`, found `()`
    |
    = note: this error originates in a macro (in Nightly builds, run with -Z macro-backtrace for more info)

error[E0277]: the trait bound `yew::virtual_dom::vcomp::VComp: yew::virtual_dom::Transformer<u32, i32>` is not satisfied
   --> $DIR/html-component-fail.rs:104:24
    |
104 |     html! { <Child int=0u32 /> };
    |                        ^^^^ the trait `yew::virtual_dom::Transformer<u32, i32>` is not implemented for `yew::virtual_dom::vcomp::VComp`
    |
    = help: the following implementations were found:
              <yew::virtual_dom::vcomp::VComp as yew::virtual_dom::Transformer<&'a T, T>>
              <yew::virtual_dom::vcomp::VComp as yew::virtual_dom::Transformer<&'a T, std::option::Option<T>>>
              <yew::virtual_dom::vcomp::VComp as yew::virtual_dom::Transformer<&'a str, std::option::Option<std::string::String>>>
              <yew::virtual_dom::vcomp::VComp as yew::virtual_dom::Transformer<&'a str, std::string::String>>
            and 3 others
    = note: required by `yew::virtual_dom::Transformer::transform`
    = note: this error originates in a macro (in Nightly builds, run with -Z macro-backtrace for more info)

error[E0599]: no method named `string` found for struct `ChildPropertiesBuilder<ChildPropertiesBuilderStep_missing_required_prop_int>` in the current scope
   --> $DIR/html-component-fail.rs:105:20
    |
6   | #[derive(Clone, Properties, PartialEq)]
    |                 ---------- method `string` not found for this
...
105 |     html! { <Child string="abc" /> };
    |                    ^^^^^^ method not found in `ChildPropertiesBuilder<ChildPropertiesBuilderStep_missing_required_prop_int>`
    |
    = help: items from traits can only be used if the trait is implemented and in scope
    = note: the following trait defines an item `string`, perhaps you need to implement it:
            candidate #1: `proc_macro::bridge::server::Literal`
    = note: this error originates in a macro (in Nightly builds, run with -Z macro-backtrace for more info)

error[E0599]: no method named `children` found for struct `ChildPropertiesBuilder<ChildPropertiesBuilderStep_missing_required_prop_int>` in the current scope
   --> $DIR/html-component-fail.rs:109:5
    |
6   | #[derive(Clone, Properties, PartialEq)]
    |                 ---------- method `children` not found for this
...
109 |     html! { <Child>{ "Not allowed" }</Child> };
    |     ^^^^^^^^^^^^^^^^^^^^^^^^^^^^^^^^^^^^^^^^^^^ method not found in `ChildPropertiesBuilder<ChildPropertiesBuilderStep_missing_required_prop_int>`
    |
    = note: this error originates in a macro (in Nightly builds, run with -Z macro-backtrace for more info)

error[E0599]: no method named `build` found for struct `ChildContainerPropertiesBuilder<ChildContainerPropertiesBuilderStep_missing_required_prop_children>` in the current scope
   --> $DIR/html-component-fail.rs:111:5
    |
32  | #[derive(Clone, Properties)]
    |                 ---------- method `build` not found for this
...
111 |     html! { <ChildContainer /> };
    |     ^^^^^^^^^^^^^^^^^^^^^^^^^^^^^ method not found in `ChildContainerPropertiesBuilder<ChildContainerPropertiesBuilderStep_missing_required_prop_children>`
    |
    = help: items from traits can only be used if the trait is implemented and in scope
    = note: the following trait defines an item `build`, perhaps you need to implement it:
            candidate #1: `proc_macro::bridge::server::TokenStreamBuilder`
    = note: this error originates in a macro (in Nightly builds, run with -Z macro-backtrace for more info)

error[E0599]: no method named `build` found for struct `ChildContainerPropertiesBuilder<ChildContainerPropertiesBuilderStep_missing_required_prop_children>` in the current scope
   --> $DIR/html-component-fail.rs:112:5
    |
32  | #[derive(Clone, Properties)]
    |                 ---------- method `build` not found for this
...
112 |     html! { <ChildContainer></ChildContainer> };
    |     ^^^^^^^^^^^^^^^^^^^^^^^^^^^^^^^^^^^^^^^^^^^^ method not found in `ChildContainerPropertiesBuilder<ChildContainerPropertiesBuilderStep_missing_required_prop_children>`
    |
    = help: items from traits can only be used if the trait is implemented and in scope
    = note: the following trait defines an item `build`, perhaps you need to implement it:
            candidate #1: `proc_macro::bridge::server::TokenStreamBuilder`
    = note: this error originates in a macro (in Nightly builds, run with -Z macro-backtrace for more info)

error[E0277]: the trait bound `yew::virtual_dom::vcomp::VChild<Child>: std::convert::From<&str>` is not satisfied
   --> $DIR/html-component-fail.rs:113:5
    |
113 |     html! { <ChildContainer>{ "Not allowed" }</ChildContainer> };
    |     ^^^^^^^^^^^^^^^^^^^^^^^^^^^^^^^^^^^^^^^^^^^^^^^^^^^^^^^^^^^^^ the trait `std::convert::From<&str>` is not implemented for `yew::virtual_dom::vcomp::VChild<Child>`
    |
    = note: required because of the requirements on the impl of `std::convert::Into<yew::virtual_dom::vcomp::VChild<Child>>` for `&str`
    = note: required because of the requirements on the impl of `std::iter::IntoIterator` for `yew::utils::NodeSeq<&str, yew::virtual_dom::vcomp::VChild<Child>>`
    = note: this error originates in a macro (in Nightly builds, run with -Z macro-backtrace for more info)

error[E0277]: the trait bound `yew::virtual_dom::vcomp::VChild<Child>: std::convert::From<yew::virtual_dom::vnode::VNode>` is not satisfied
   --> $DIR/html-component-fail.rs:114:5
    |
114 |     html! { <ChildContainer><></></ChildContainer> };
    |     ^^^^^^^^^^^^^^^^^^^^^^^^^^^^^^^^^^^^^^^^^^^^^^^^^ the trait `std::convert::From<yew::virtual_dom::vnode::VNode>` is not implemented for `yew::virtual_dom::vcomp::VChild<Child>`
    |
    = note: required because of the requirements on the impl of `std::convert::Into<yew::virtual_dom::vcomp::VChild<Child>>` for `yew::virtual_dom::vnode::VNode`
    = note: required because of the requirements on the impl of `std::iter::IntoIterator` for `yew::utils::NodeSeq<yew::virtual_dom::vnode::VNode, yew::virtual_dom::vcomp::VChild<Child>>`
    = note: this error originates in a macro (in Nightly builds, run with -Z macro-backtrace for more info)

error[E0277]: the trait bound `yew::virtual_dom::vcomp::VChild<Child>: std::convert::From<yew::virtual_dom::vnode::VNode>` is not satisfied
   --> $DIR/html-component-fail.rs:115:5
    |
115 |     html! { <ChildContainer><other /></ChildContainer> };
    |     ^^^^^^^^^^^^^^^^^^^^^^^^^^^^^^^^^^^^^^^^^^^^^^^^^^^^^ the trait `std::convert::From<yew::virtual_dom::vnode::VNode>` is not implemented for `yew::virtual_dom::vcomp::VChild<Child>`
    |
    = note: required because of the requirements on the impl of `std::convert::Into<yew::virtual_dom::vcomp::VChild<Child>>` for `yew::virtual_dom::vnode::VNode`
    = note: required because of the requirements on the impl of `std::iter::IntoIterator` for `yew::utils::NodeSeq<yew::virtual_dom::vnode::VNode, yew::virtual_dom::vcomp::VChild<Child>>`
    = note: this error originates in a macro (in Nightly builds, run with -Z macro-backtrace for more info)
