error: expected `props(required)`
  --> $DIR/fail.rs:21:11
   |
21 |         #[props(optional)]
   |           ^^^^^

error[E0277]: the trait bound `t1::Value: std::default::Default` is not satisfied
 --> $DIR/fail.rs:9:21
  |
9 |     #[derive(Clone, Properties)]
  |                     ^^^^^^^^^^ the trait `std::default::Default` is not implemented for `t1::Value`
  |
  = note: required by `std::default::Default::default`

error[E0599]: no method named `build` found for type `t3::PropsBuilder<t3::PropsBuilderStep_missing_required_prop_value>` in the current scope
  --> $DIR/fail.rs:35:26
   |
28 |     #[derive(Clone, Properties)]
   |                              - method `build` not found for this
...
35 |         Props::builder().build();
   |                          ^^^^^ method not found in `t3::PropsBuilder<t3::PropsBuilderStep_missing_required_prop_value>`

error[E0599]: no method named `b` found for type `t4::PropsBuilder<t4::PropsBuilderStep_missing_required_prop_a>` in the current scope
  --> $DIR/fail.rs:49:26
   |
41 |     #[derive(Clone, Properties)]
   |                              - method `b` not found for this
...
49 |         Props::builder().b(1).a(2).build();
   |                          ^ help: there is a method with a similar name: `a`
