error: expected `props(required)`
  --> $DIR/fail.rs:20:11
   |
20 |         #[props(optional)]
   |           ^^^^^

error[E0277]: the trait bound `t1::Value: std::default::Default` is not satisfied
 --> $DIR/fail.rs:8:14
  |
8 |     #[derive(Properties)]
  |              ^^^^^^^^^^ the trait `std::default::Default` is not implemented for `t1::Value`
  |
  = note: required by `std::default::Default::default`

error[E0599]: no method named `build` found for type `t3::PropsBuilder<t3::PropsBuilderStep_missing_required_prop_value>` in the current scope
  --> $DIR/fail.rs:34:26
   |
27 |     #[derive(Properties)]
   |                       - method `build` not found for this
...
34 |         Props::builder().build();
   |                          ^^^^^

error[E0599]: no method named `b` found for type `t4::PropsBuilder<t4::PropsBuilderStep_missing_required_prop_a>` in the current scope
  --> $DIR/fail.rs:48:26
   |
40 |     #[derive(Properties)]
   |                       - method `b` not found for this
...
48 |         Props::builder().b(1).a(2).build();
   |                          ^ help: did you mean: `a`

Some errors occurred: E0277, E0599.
For more information about an error, try `rustc --explain E0277`.
